<?xml version="1.0" encoding="UTF-8"?>
<!-- Generated by org.testng.reporters.JUnitReportReporter -->
<testsuite skipped="0" hostname="LAPTOP-8N6FEN18" name="com.testscenarios.FB_login" tests="2" failures="0" timestamp="2020-06-11T15:28:06 IST" time="22.479" errors="0">
  <testcase name="TC_002" time="0.441" classname="com.testscenarios.FB_login"/>
  <system-out/>
  <testcase name="TC_001" time="22.038" classname="com.testscenarios.FB_login"/>
  <system-out/>
</testsuite> <!-- com.testscenarios.FB_login -->
