<?xml version="1.0" encoding="UTF-8"?>
<!-- Generated by org.testng.reporters.JUnitReportReporter -->
<testsuite skipped="0" hostname="LAPTOP-8N6FEN18" name="com.testscenarios.iFramesSample" tests="1" failures="0" timestamp="2020-05-09T00:35:17 IST" time="18.144" errors="0">
  <testcase name="f" time="18.144" classname="com.testscenarios.iFramesSample"/>
  <system-out/>
</testsuite> <!-- com.testscenarios.iFramesSample -->
