<?xml version="1.0" encoding="UTF-8"?>
<!-- Generated by org.testng.reporters.JUnitReportReporter -->
<testsuite skipped="0" hostname="LAPTOP-8N6FEN18" name="com.testscenarios.AnyAUT_Validation" tests="1" failures="0" timestamp="2020-05-20T23:55:23 IST" time="8.639" errors="0">
  <testcase name="TC_001" time="8.639" classname="com.testscenarios.AnyAUT_Validation"/>
  <system-out/>
</testsuite> <!-- com.testscenarios.AnyAUT_Validation -->
