<?xml version="1.0" encoding="UTF-8"?>
<!-- Generated by org.testng.reporters.JUnitReportReporter -->
<testsuite skipped="0" hostname="LAPTOP-8N6FEN18" name="com.testscenarios.ReadExcelByJXL" tests="1" failures="0" timestamp="2020-05-18T23:22:57 IST" time="31.642" errors="0">
  <testcase name="TC_001" time="31.642" classname="com.testscenarios.ReadExcelByJXL"/>
  <system-out/>
</testsuite> <!-- com.testscenarios.ReadExcelByJXL -->
