<?xml version="1.0" encoding="UTF-8"?>
<!-- Generated by org.testng.reporters.JUnitReportReporter -->
<testsuite skipped="0" hostname="LAPTOP-8N6FEN18" name="com.testscenarios.Anyaut" tests="1" failures="0" timestamp="2020-05-20T23:29:35 IST" time="53.300" errors="0">
  <testcase name="f" time="53.300" classname="com.testscenarios.Anyaut"/>
  <system-out/>
</testsuite> <!-- com.testscenarios.Anyaut -->
