<?xml version="1.0" encoding="UTF-8"?>
<!-- Generated by org.testng.reporters.JUnitReportReporter -->
<testsuite skipped="0" hostname="LAPTOP-8N6FEN18" name="com.testscenarios.ShearCircle_ScrolltoElement" tests="1" failures="0" timestamp="2020-05-14T00:06:25 IST" time="9.097" errors="0">
  <testcase name="TC_001" time="9.097" classname="com.testscenarios.ShearCircle_ScrolltoElement"/>
  <system-out/>
</testsuite> <!-- com.testscenarios.ShearCircle_ScrolltoElement -->
