<?xml version="1.0" encoding="UTF-8"?>
<!-- Generated by org.testng.reporters.JUnitReportReporter -->
<testsuite skipped="0" hostname="LAPTOP-8N6FEN18" name="com.testscenarios.Blazedemo" tests="3" failures="0" timestamp="2020-08-27T23:15:48 IST" time="49.872" errors="0">
  <testcase name="TC_002_UserDetails" time="14.361" classname="com.testscenarios.Blazedemo"/>
  <system-out/>
  <testcase name="TC_001_FilghtSearch" time="17.079" classname="com.testscenarios.Blazedemo"/>
  <system-out/>
  <testcase name="TC_003_VerifyAndPrintMessages" time="18.432" classname="com.testscenarios.Blazedemo"/>
  <system-out/>
</testsuite> <!-- com.testscenarios.Blazedemo -->
